
Dec. 31, 2018, 0.59
Sept. 30, 2018, 0.69
June 30, 2018, 0.74
March 31, 2018, 0.61
Dec. 31, 2017, 0.53
Sept. 30, 2017, 0.50
June 30, 2017, 0.52
March 31, 2017, 0.46
Dec. 31, 2016, 0.40
Sept. 30, 2016, 0.44
June 30, 2016, 0.45
March 31, 2016, 0.44
Dec. 31, 2015, 0.39
Sept. 30, 2015, 0.47
June 30, 2015, 0.48
March 31, 2015, 0.43
Dec. 31, 2014, 0.40
Sept. 30, 2014, 0.45
June 30, 2014, 0.44
March 31, 2014, 0.38
Dec. 31, 2013, 0.33
Sept. 30, 2013, 0.40
June 30, 2013, 0.41
March 31, 2013, 0.37
Dec. 31, 2012, 0.33

Sept. 30, 2012, 0.37
June 30, 2012, 0.38
March 31, 2012, 0.34
Dec. 31, 2011, 0.29
Sept. 30, 2011, 0.33
June 30, 2011, 0.32
March 31, 2011, 0.27
Dec. 31, 2010, 0.22
Sept. 30, 2010, 0.25
June 30, 2010, 0.23
March 31, 2010, 0.19
Dec. 31, 2009, 0.15
Sept. 30, 2009, 0.16
June 30, 2009, 0.145
March 31, 2009, 0.165
Dec. 31, 2008, 0.21
Sept. 30, 2008, 0.245
June 30, 2008, 0.255
March 31, 2008, 0.23
Dec. 31, 2007, 0.19
Sept. 30, 2007, 0.205
June 30, 2007, 0.20
March 31, 2007, 0.1787
Dec. 31, 2006, 0.15
Sept. 30, 2006, 0.1791

Tempus Applied Solutions Holdings Inc, -0.07
TSS Inc, 0.03
Pernix Group Inc, -0.36
Minimum, 0.38, Mar 2014
Maximum, 0.74, Jun 2018
Average, 0.4905, 
